=== swap v5 — QA feedback loop ===
  model: gpt_image
  targets: 13
  retry product threshold: 99
  retry: feedback loop (prev QA → next prompt)

uploading references...
[cover/aligned/#1] ar=1:1 refs=4 thr=p95/c95
[panel_01/aligned/#1] ar=3:2 refs=4 thr=p93/c80
[panel_02/aligned/#1] ar=3:2 refs=4 thr=p93/c80
[panel_03/aligned/#1] ar=3:2 refs=4 thr=p93/c80
[cover/aligned/#1] prod=99 comp=98 -> pass
[panel_04/aligned/#1] ar=2:3 refs=4 thr=p93/c92
[panel_03/aligned/#1] prod=97 comp=87 -> pass
[panel_05/aligned/#1] ar=3:2 refs=4 thr=p93/c80
[panel_02/aligned/#1] prod=97 comp=85 SEAT=0 -> retry
[panel_06/aligned/#1] ar=3:2 refs=4 thr=p93/c80
[panel_01/aligned/#1] prod=98 comp=95 -> pass
[panel_07/aligned/#1] ar=3:2 refs=4 thr=p93/c80
[panel_04/aligned/#1] prod=98 comp=97 TEXT! -> retry
[panel_08/aligned/#1] ar=3:2 refs=4 thr=p95/c95
[panel_05/aligned/#1] prod=98 comp=85 -> pass
[panel_09/aligned/#1] ar=3:2 refs=4 thr=p93/c80
[panel_06/aligned/#1] prod=70 comp=92 SEAT=3 -> retry
[panel_10/aligned/#1] ar=3:2 refs=4 thr=p93/c80
[panel_07/aligned/#1] prod=97 comp=85 TEXT! -> retry
[panel_11/aligned/#1] ar=3:4 refs=4 thr=p93/c92
[panel_08/aligned/#1] prod=99 comp=97 -> pass
[panel_12/aligned/#1] ar=3:4 refs=7 thr=p93/c92
[panel_09/aligned/#1] prod=98 comp=85 -> pass
[panel_02/overpaint/#2] ar=3:2 refs=4 thr=p99/c80 FB✓
[panel_10/aligned/#1] prod=97 comp=85 -> pass
[panel_04/overpaint/#2] ar=2:3 refs=4 thr=p99/c92 FB✓
[panel_11/aligned/#1] prod=97 comp=96 -> pass
[panel_06/overpaint/#2] ar=3:2 refs=4 thr=p99/c80 FB✓
[panel_12/aligned/#1] prod=97 comp=95 -> pass
[panel_07/overpaint/#2] ar=3:2 refs=4 thr=p99/c80 FB✓
[panel_02/overpaint/#2] prod=100 comp=85 -> pass
[panel_04/overpaint/#2] prod=100 comp=98 TEXT! -> retry
[panel_04/smart_sheet/#3] ar=2:3 refs=5 thr=p99/c92 FB✓
[panel_06/overpaint/#2] prod=60 comp=90 SEAT=3 -> retry
[panel_06/smart_sheet/#3] ar=3:2 refs=5 thr=p99/c80 FB✓
[panel_07/overpaint/#2] prod=99 comp=85 TEXT! -> retry
[panel_07/smart_sheet/#3] ar=3:2 refs=5 thr=p99/c80 FB✓
[panel_04/smart_sheet/#3] prod=99 comp=94 TEXT! -> retry
[panel_06/smart_sheet/#3] prod=99 comp=85 -> pass
[panel_07/smart_sheet/#3] prod=99 comp=85 -> retry

=== DONE === /Users/sexyflash/Projects/Creagen/Apps/5th/hanssem_research/templates/01_sofa_992474/swap_results/v5_20260526_122804
  wall: 313.5s
  passers: 11/13
    cover        [  strict_white_bg/      intro_hero] prod=99 comp=98 seats=2 via=aligned pass=True
    panel_01     [ flexible_staging/ lifestyle_scene] prod=98 comp=95 seats=2 via=aligned pass=True
    panel_02     [ flexible_staging/ detail_close_up] prod=100 comp=85 seats=2 via=aligned/overpaint pass=True
    panel_03     [ flexible_staging/ detail_close_up] prod=97 comp=87 seats=2 via=aligned pass=True
    panel_04     [     fixed_layout/      size_chart] prod=100 comp=98 seats=2 via=aligned/overpaint/smart_sheet pass=False
    panel_05     [ flexible_staging/ detail_close_up] prod=98 comp=85 seats=2 via=aligned pass=True
    panel_06     [ flexible_staging/ detail_close_up] prod=99 comp=85 seats=2 via=aligned/overpaint/smart_sheet pass=True
    panel_07     [ flexible_staging/ detail_close_up] prod=99 comp=85 seats=2 via=aligned/overpaint/smart_sheet pass=False
    panel_08     [  strict_white_bg/    product_shot] prod=99 comp=97 seats=2 via=aligned pass=True
    panel_09     [ flexible_staging/ detail_close_up] prod=98 comp=85 seats=2 via=aligned pass=True
    panel_10     [ flexible_staging/ detail_close_up] prod=97 comp=85 seats=2 via=aligned pass=True
    panel_11     [     fixed_layout/ structure_chart] prod=97 comp=96 seats=2 via=aligned pass=True
    panel_12     [     fixed_layout/    color_option] prod=97 comp=95 seats=2 via=aligned pass=True
