=== swap v4 — panel-aware ===
  model: gpt_image
  targets: 13
  strategies: aligned → overpaint → smart_sheet (auto)

uploading references...
  uploaded: 3 gif, 1 material, 3 color
[cover/aligned/#1] layout=strict_white_bg zone=intro_hero ar=1:1 refs=4
[panel_01/aligned/#1] layout=flexible_staging zone=lifestyle_scene ar=3:2 refs=4
[panel_02/aligned/#1] layout=flexible_staging zone=detail_close_up ar=3:2 refs=4
[panel_03/aligned/#1] layout=flexible_staging zone=detail_close_up ar=3:2 refs=4
[cover/aligned/#1] prod=99 comp=99 -> pass
[panel_04/aligned/#1] layout=fixed_layout zone=size_chart ar=2:3 refs=4
[panel_01/aligned/#1] prod=97 comp=95 -> pass
[panel_05/aligned/#1] layout=flexible_staging zone=detail_close_up ar=3:2 refs=4
[panel_02/aligned/#1] prod=98 comp=92 -> pass
[panel_06/aligned/#1] layout=flexible_staging zone=detail_close_up ar=3:2 refs=4
[panel_03/aligned/#1] prod=90 comp=92 SEAT=1 -> retry
[panel_07/aligned/#1] layout=flexible_staging zone=detail_close_up ar=3:2 refs=4
[panel_04/aligned/#1] prod=99 comp=95 TEXT! -> retry
[panel_08/aligned/#1] layout=strict_white_bg zone=product_shot ar=3:2 refs=4
[panel_07/aligned/#1] prod=97 comp=92 -> pass
[panel_09/aligned/#1] layout=flexible_staging zone=detail_close_up ar=3:2 refs=4
[panel_05/aligned/#1] prod=97 comp=90 -> pass
[panel_10/aligned/#1] layout=flexible_staging zone=detail_close_up ar=3:2 refs=4
[panel_06/aligned/#1] prod=98 comp=92 -> pass
[panel_11/aligned/#1] layout=fixed_layout zone=structure_chart ar=3:4 refs=4
[panel_08/aligned/#1] prod=99 comp=98 -> pass
[panel_12/aligned/#1] layout=fixed_layout zone=color_option ar=3:4 refs=7
[panel_09/aligned/#1] prod=97 comp=92 -> pass
[panel_03/overpaint/#2] layout=flexible_staging zone=detail_close_up ar=3:2 refs=4
[panel_10/aligned/#1] prod=97 comp=92 -> pass
[panel_04/overpaint/#2] layout=fixed_layout zone=size_chart ar=2:3 refs=4
[panel_11/aligned/#1] prod=98 comp=94 TEXT! -> retry
[panel_11/overpaint/#2] layout=fixed_layout zone=structure_chart ar=3:4 refs=4
[panel_12/aligned/#1] prod=98 comp=95 -> pass
[panel_03/overpaint/#2] prod=95 comp=85 -> pass
[panel_04/overpaint/#2] prod=98 comp=95 TEXT! -> retry
[panel_04/smart_sheet/#3] layout=fixed_layout zone=size_chart ar=2:3 refs=5
[panel_11/overpaint/#2] prod=98 comp=94 TEXT! -> retry
[panel_11/smart_sheet/#3] layout=fixed_layout zone=structure_chart ar=3:4 refs=5
[panel_04/smart_sheet/#3] prod=99 comp=97 TEXT! -> retry
[panel_11/smart_sheet/#3] prod=97 comp=94 TEXT! -> retry

=== DONE === /Users/sexyflash/Projects/Creagen/Apps/5th/hanssem_research/templates/01_sofa_992474/swap_results/v4_20260526_113609
  wall: 305.5s
  passers: 11/13
    cover        [  strict_white_bg/     intro_hero] prod=99 comp=99 seats=2 via=aligned pass=True
    panel_01     [ flexible_staging/lifestyle_scene] prod=97 comp=95 seats=2 via=aligned pass=True
    panel_02     [ flexible_staging/detail_close_up] prod=98 comp=92 seats=2 via=aligned pass=True
    panel_03     [ flexible_staging/detail_close_up] prod=95 comp=85 seats=2 via=aligned/overpaint pass=True
    panel_04     [     fixed_layout/     size_chart] prod=99 comp=95 seats=2 via=aligned/overpaint/smart_sheet pass=False
    panel_05     [ flexible_staging/detail_close_up] prod=97 comp=90 seats=2 via=aligned pass=True
    panel_06     [ flexible_staging/detail_close_up] prod=98 comp=92 seats=2 via=aligned pass=True
    panel_07     [ flexible_staging/detail_close_up] prod=97 comp=92 seats=2 via=aligned pass=True
    panel_08     [  strict_white_bg/   product_shot] prod=99 comp=98 seats=2 via=aligned pass=True
    panel_09     [ flexible_staging/detail_close_up] prod=97 comp=92 seats=2 via=aligned pass=True
    panel_10     [ flexible_staging/detail_close_up] prod=97 comp=92 seats=2 via=aligned pass=True
    panel_11     [     fixed_layout/structure_chart] prod=98 comp=94 seats=2 via=aligned/overpaint/smart_sheet pass=False
    panel_12     [     fixed_layout/   color_option] prod=98 comp=95 seats=2 via=aligned pass=True
